
[22-Jul-2024 10:14:36 Australia/Brisbane] PHP Warning:  include(C:\xampp\htdocs\UniSQ-EEG-Publications-Platform\researcher\downloadPage.php): Failed to open stream: No such file or directory in C:\xampp\htdocs\UniSQ-EEG-Publications-Platform\researcher\index.php on line 447
[22-Jul-2024 10:14:36 Australia/Brisbane] PHP Warning:  include(): Failed opening 'downloadPage.php' for inclusion (include_path='C:\xampp\php\PEAR') in C:\xampp\htdocs\UniSQ-EEG-Publications-Platform\researcher\index.php on line 447
[22-Jul-2024 10:30:07 Australia/Brisbane] PHP Warning:  Undefined variable $eegLink in C:\xampp\htdocs\UniSQ-EEG-Publications-Platform\researcher\index.php on line 456
[23-Jul-2024 09:35:19 Australia/Brisbane] PHP Warning:  Undefined array key "eegTitle" in C:\xampp\htdocs\UniSQ-EEG-Publications-Platform\confirmations\downloadPage.php on line 2
[23-Jul-2024 09:35:19 Australia/Brisbane] PHP Warning:  Undefined array key "researcher" in C:\xampp\htdocs\UniSQ-EEG-Publications-Platform\confirmations\downloadPage.php on line 3
[23-Jul-2024 09:36:22 Australia/Brisbane] PHP Warning:  Undefined array key "eegTitle" in C:\xampp\htdocs\UniSQ-EEG-Publications-Platform\confirmations\downloadPage.php on line 2
[26-Jul-2024 08:44:00 Europe/Berlin] PHP Warning:  Undefined array key "password" in C:\xampp\htdocs\UniSQ-EEG-Publications-Platform\model\researcher_db.php on line 14
[26-Jul-2024 08:44:00 Europe/Berlin] PHP Fatal error:  Uncaught TypeError: hash_equals(): Argument #1 ($known_string) must be of type string, null given in C:\xampp\htdocs\UniSQ-EEG-Publications-Platform\model\researcher_db.php:14
Stack trace:
#0 C:\xampp\htdocs\UniSQ-EEG-Publications-Platform\model\researcher_db.php(14): hash_equals(Object(SensitiveParameterValue), Object(SensitiveParameterValue))
#1 C:\xampp\htdocs\UniSQ-EEG-Publications-Platform\researcher\index.php(69): is_valid_researcher_login('a@a.com', '7097891803c4f5a...')
#2 {main}
  thrown in C:\xampp\htdocs\UniSQ-EEG-Publications-Platform\model\researcher_db.php on line 14
PDOException: SQLSTATE[23000]: Integrity constraint violation: 1062 Duplicate entry 'q' for key 'username'
[24-Oct-2024 06:46:12 Europe/Berlin] PHP Fatal error:  Uncaught PDOException: SQLSTATE[22007]: Invalid datetime format: 1366 Incorrect integer value: 'upload' for column `eeg_data_and_publication_platform`.`publication`.`eegID` at row 1 in /Applications/XAMPP/xamppfiles/htdocs/UniSQ_EEG_publications_platform/model/publications_db.php:75
Stack trace:
#0 /Applications/XAMPP/xamppfiles/htdocs/UniSQ_EEG_publications_platform/model/publications_db.php(75): PDOStatement->execute()
#1 /Applications/XAMPP/xamppfiles/htdocs/UniSQ_EEG_publications_platform/researcher/index.php(221): upload_publication(17, 'sdfsa', 'fsafsdfs', '../uploads/pub_...', 'upload')
#2 {main}
  thrown in /Applications/XAMPP/xamppfiles/htdocs/UniSQ_EEG_publications_platform/model/publications_db.php on line 75
[03-Nov-2024 04:41:42 Europe/Berlin] Debug: user_ID = 2024-11-03, eeg_title = 17, eeg_descr = supine, target_file = new. ndsubin, pubID = ../uploads/eeg_uploads/data.pdf
[03-Nov-2024 04:41:42 Europe/Berlin] PDOException in upload_eeg function: SQLSTATE[01000]: Warning: 1265 Data truncated for column 'userID' at row 1
[03-Nov-2024 04:45:50 Europe/Berlin] PHP Fatal error:  Uncaught PDOException: SQLSTATE[22007]: Invalid datetime format: 1366 Incorrect integer value: 'upload' for column `eeg_data_and_publication_platform`.`publication`.`eegID` at row 1 in /Applications/XAMPP/xamppfiles/htdocs/UniSQ_EEG_publications_platform/model/publications_db.php:75
Stack trace:
#0 /Applications/XAMPP/xamppfiles/htdocs/UniSQ_EEG_publications_platform/model/publications_db.php(75): PDOStatement->execute()
#1 /Applications/XAMPP/xamppfiles/htdocs/UniSQ_EEG_publications_platform/researcher/index.php(221): upload_publication(17, 'sdfsdf', 'afasfasf', '../uploads/pub_...', 'upload')
#2 {main}
  thrown in /Applications/XAMPP/xamppfiles/htdocs/UniSQ_EEG_publications_platform/model/publications_db.php on line 75
[14-Nov-2024 04:22:16 Europe/Berlin] PHP Parse error:  syntax error, unexpected token "<" in C:\xampp\htdocs\view\header.php on line 194
[14-Nov-2024 12:36:19 Europe/Berlin] PHP Warning:  Array to string conversion in C:\xampp\htdocs\researcher\index.php on line 257
[14-Nov-2024 12:36:19 Europe/Berlin] PHP Warning:  Undefined variable $email in C:\xampp\htdocs\researcher\index.php on line 259
[14-Nov-2024 12:36:19 Europe/Berlin] PHP Warning:  Undefined variable $token in C:\xampp\htdocs\researcher\index.php on line 263
[14-Nov-2024 12:36:24 Europe/Berlin] PHP Fatal error:  Uncaught Error: Call to undefined function add_public_user() in C:\xampp\htdocs\researcher\index.php:274
Stack trace:
#0 {main}
  thrown in C:\xampp\htdocs\researcher\index.php on line 274
[14-Nov-2024 12:44:58 Europe/Berlin] PHP Warning:  Undefined array key "firstName" in C:\xampp\htdocs\researcher\index.php on line 257
[14-Nov-2024 12:44:58 Europe/Berlin] PHP Warning:  Undefined variable $email in C:\xampp\htdocs\researcher\index.php on line 259
[14-Nov-2024 12:47:12 Europe/Berlin] PHP Warning:  Undefined array key "firstName" in C:\xampp\htdocs\researcher\index.php on line 257
[14-Nov-2024 12:53:07 Europe/Berlin] PHP Warning:  Undefined array key "firstName" in C:\xampp\htdocs\researcher\index.php on line 186
[14-Nov-2024 12:58:09 Europe/Berlin] PHP Warning:  Undefined array key "username" in C:\xampp\htdocs\researcher\index.php on line 188
[14-Nov-2024 13:11:02 Europe/Berlin] PHP Warning:  Trying to access array offset on value of type bool in C:\xampp\htdocs\model\eeg_db.php on line 88
[14-Nov-2024 13:11:02 Europe/Berlin] PHP Warning:  Array to string conversion in C:\xampp\htdocs\researcher\index.php on line 259
[14-Nov-2024 13:13:48 Europe/Berlin] PHP Warning:  Trying to access array offset on value of type bool in C:\xampp\htdocs\model\eeg_db.php on line 88
[14-Nov-2024 13:13:48 Europe/Berlin] PHP Warning:  Undefined array key "username" in C:\xampp\htdocs\researcher\index.php on line 259
[14-Nov-2024 13:18:28 Europe/Berlin] PHP Warning:  Trying to access array offset on value of type bool in C:\xampp\htdocs\model\eeg_db.php on line 88
[14-Nov-2024 13:18:28 Europe/Berlin] PHP Warning:  Undefined array key "username" in C:\xampp\htdocs\researcher\index.php on line 260
[14-Nov-2024 13:23:15 Europe/Berlin] PHP Warning:  Trying to access array offset on value of type bool in C:\xampp\htdocs\model\eeg_db.php on line 88
[14-Nov-2024 13:23:15 Europe/Berlin] PHP Warning:  Undefined variable $result in C:\xampp\htdocs\researcher\index.php on line 189
[14-Nov-2024 13:23:15 Europe/Berlin] PHP Fatal error:  Uncaught TypeError: mysqli_fetch_assoc(): Argument #1 ($result) must be of type mysqli_result, null given in C:\xampp\htdocs\researcher\index.php:189
Stack trace:
#0 C:\xampp\htdocs\researcher\index.php(189): mysqli_fetch_assoc(NULL)
#1 {main}
  thrown in C:\xampp\htdocs\researcher\index.php on line 189
[14-Nov-2024 13:24:08 Europe/Berlin] PHP Warning:  Trying to access array offset on value of type bool in C:\xampp\htdocs\model\eeg_db.php on line 88
[14-Nov-2024 13:24:08 Europe/Berlin] PHP Warning:  Undefined variable $result in C:\xampp\htdocs\researcher\index.php on line 189
[14-Nov-2024 13:24:08 Europe/Berlin] PHP Fatal error:  Uncaught TypeError: mysqli_fetch_assoc(): Argument #1 ($result) must be of type mysqli_result, null given in C:\xampp\htdocs\researcher\index.php:189
Stack trace:
#0 C:\xampp\htdocs\researcher\index.php(189): mysqli_fetch_assoc(NULL)
#1 {main}
  thrown in C:\xampp\htdocs\researcher\index.php on line 189
[14-Nov-2024 13:24:44 Europe/Berlin] PHP Warning:  Trying to access array offset on value of type bool in C:\xampp\htdocs\model\eeg_db.php on line 88
[14-Nov-2024 13:24:44 Europe/Berlin] PHP Warning:  Undefined variable $result in C:\xampp\htdocs\researcher\index.php on line 189
[14-Nov-2024 13:24:44 Europe/Berlin] PHP Fatal error:  Uncaught TypeError: mysqli_fetch_assoc(): Argument #1 ($result) must be of type mysqli_result, null given in C:\xampp\htdocs\researcher\index.php:189
Stack trace:
#0 C:\xampp\htdocs\researcher\index.php(189): mysqli_fetch_assoc(NULL)
#1 {main}
  thrown in C:\xampp\htdocs\researcher\index.php on line 189
[14-Nov-2024 13:25:27 Europe/Berlin] PHP Warning:  Trying to access array offset on value of type bool in C:\xampp\htdocs\model\eeg_db.php on line 88
[14-Nov-2024 13:25:27 Europe/Berlin] PHP Warning:  Undefined variable $res in C:\xampp\htdocs\researcher\index.php on line 190
[14-Nov-2024 13:25:27 Europe/Berlin] PHP Warning:  Trying to access array offset on value of type null in C:\xampp\htdocs\researcher\index.php on line 190
[14-Nov-2024 13:25:27 Europe/Berlin] PHP Warning:  Undefined array key "username" in C:\xampp\htdocs\researcher\index.php on line 263
[14-Nov-2024 13:28:55 Europe/Berlin] PHP Warning:  Trying to access array offset on value of type bool in C:\xampp\htdocs\model\eeg_db.php on line 88
[14-Nov-2024 13:28:55 Europe/Berlin] PHP Warning:  Undefined array key "username" in C:\xampp\htdocs\researcher\index.php on line 263
[14-Nov-2024 13:35:57 Europe/Berlin] PHP Warning:  Trying to access array offset on value of type bool in C:\xampp\htdocs\model\eeg_db.php on line 88
[14-Nov-2024 13:35:57 Europe/Berlin] PHP Warning:  Undefined array key "username" in C:\xampp\htdocs\researcher\index.php on line 189
[14-Nov-2024 13:35:57 Europe/Berlin] PHP Warning:  Undefined array key "username" in C:\xampp\htdocs\researcher\index.php on line 262
[14-Nov-2024 13:37:21 Europe/Berlin] PHP Warning:  Trying to access array offset on value of type bool in C:\xampp\htdocs\model\eeg_db.php on line 88
[14-Nov-2024 13:41:11 Europe/Berlin] PHP Warning:  Trying to access array offset on value of type bool in C:\xampp\htdocs\model\eeg_db.php on line 88
[14-Nov-2024 14:22:32 Europe/Berlin] PHP Fatal error:  Uncaught ArgumentCountError: Too few arguments to function upload_publication(), 5 passed in C:\xampp\htdocs\researcher\index.php on line 208 and exactly 7 expected in C:\xampp\htdocs\model\publications_db.php:53
Stack trace:
#0 C:\xampp\htdocs\researcher\index.php(208): upload_publication(19, 'zxzxc', 'zx', '../uploads/pub_...', '0')
#1 {main}
  thrown in C:\xampp\htdocs\model\publications_db.php on line 53
[14-Nov-2024 14:25:49 Europe/Berlin] PHP Fatal error:  Uncaught ArgumentCountError: Too few arguments to function upload_publication(), 5 passed in C:\xampp\htdocs\researcher\index.php on line 210 and exactly 7 expected in C:\xampp\htdocs\model\publications_db.php:53
Stack trace:
#0 C:\xampp\htdocs\researcher\index.php(210): upload_publication(19, 'zxzxczxczc', 'zz', '../uploads/pub_...', '0')
#1 {main}
  thrown in C:\xampp\htdocs\model\publications_db.php on line 53
[14-Nov-2024 14:28:10 Europe/Berlin] PHP Warning:  Undefined variable $pubDate in C:\xampp\htdocs\researcher\index.php on line 210
[14-Nov-2024 14:28:10 Europe/Berlin] PHP Fatal error:  Uncaught ArgumentCountError: Too few arguments to function upload_publication(), 6 passed in C:\xampp\htdocs\researcher\index.php on line 210 and exactly 7 expected in C:\xampp\htdocs\model\publications_db.php:53
Stack trace:
#0 C:\xampp\htdocs\researcher\index.php(210): upload_publication(NULL, 19, 'bbb', 'c', '../uploads/pub_...', '0')
#1 {main}
  thrown in C:\xampp\htdocs\model\publications_db.php on line 53
[14-Nov-2024 14:30:03 Europe/Berlin] PHP Fatal error:  Uncaught ArgumentCountError: Too few arguments to function upload_publication(), 6 passed in C:\xampp\htdocs\researcher\index.php on line 211 and exactly 7 expected in C:\xampp\htdocs\model\publications_db.php:53
Stack trace:
#0 C:\xampp\htdocs\researcher\index.php(211): upload_publication('2024-11-01', 19, 'bbb', 'q', '../uploads/pub_...', '0')
#1 {main}
  thrown in C:\xampp\htdocs\model\publications_db.php on line 53
[15-Nov-2024 05:19:32 Europe/Berlin] PHP Fatal error:  Maximum execution time of 120 seconds exceeded in C:\xampp\htdocs\PHPMailer-master\src\SMTP.php on line 1168
[15-Nov-2024 05:42:00 Europe/Berlin] PHP Warning:  Undefined variable $../uploads/pub_uploads/CSC8101 Assignment 1 2024.pdf in C:\xampp\htdocs\researcher\index.php on line 273
[15-Nov-2024 05:44:22 Europe/Berlin] PHP Warning:  Undefined variable $../uploads/pub_uploads/CSC8380 T2 2024 ASSIGNMENT 1.pdf in C:\xampp\htdocs\researcher\index.php on line 273
[16-Nov-2024 13:17:09 Europe/Berlin] PHP Fatal error:  Uncaught Error: Undefined constant "Token_Eeg_ID" in C:\xampp\htdocs\researcher\index.php:354
Stack trace:
#0 {main}
  thrown in C:\xampp\htdocs\researcher\index.php on line 354
[16-Nov-2024 13:23:27 Europe/Berlin] PHP Warning:  Undefined variable $research in C:\xampp\htdocs\researcher\index.php on line 406
[16-Nov-2024 13:23:27 Europe/Berlin] PHP Warning:  Undefined variable $pub_title in C:\xampp\htdocs\researcher\index.php on line 407
[16-Nov-2024 13:23:27 Europe/Berlin] PHP Warning:  Undefined variable $pub_descr in C:\xampp\htdocs\researcher\index.php on line 408
[16-Nov-2024 13:23:27 Europe/Berlin] PHP Warning:  Undefined variable $Token_ID in C:\xampp\htdocs\researcher\index.php on line 409
[16-Nov-2024 13:23:27 Europe/Berlin] PHP Warning:  Undefined variable $eegPath in C:\xampp\htdocs\researcher\index.php on line 410
[16-Nov-2024 13:23:27 Europe/Berlin] PHP Warning:  Undefined variable $Token_ID in C:\xampp\htdocs\researcher\index.php on line 412
[16-Nov-2024 13:23:27 Europe/Berlin] PHP Warning:  Undefined variable $Token_ID in C:\xampp\htdocs\researcher\index.php on line 414
[16-Nov-2024 13:28:34 Europe/Berlin] PHP Warning:  Undefined variable $research in C:\xampp\htdocs\researcher\index.php on line 406
[16-Nov-2024 13:28:34 Europe/Berlin] PHP Warning:  Undefined variable $eegPath in C:\xampp\htdocs\researcher\index.php on line 410
[16-Nov-2024 13:28:34 Europe/Berlin] PHP Warning:  Undefined variable $Token_ID in C:\xampp\htdocs\researcher\index.php on line 412
[16-Nov-2024 13:28:34 Europe/Berlin] PHP Warning:  Undefined variable $Token_ID in C:\xampp\htdocs\researcher\index.php on line 414
[16-Nov-2024 14:01:17 Europe/Berlin] PHP Warning:  Undefined variable $target_fil in C:\xampp\htdocs\researcher\index.php on line 274
[16-Nov-2024 15:03:50 Europe/Berlin] PHP Warning:  Undefined variable $target_fil in C:\xampp\htdocs\researcher\index.php on line 274
[16-Nov-2024 16:21:21 Europe/Berlin] PHP Fatal error:  Maximum execution time of 120 seconds exceeded in C:\xampp\htdocs\PHPMailer-master\src\SMTP.php on line 1168
[17-Nov-2024 13:01:49 Europe/Berlin] PHP Warning:  Undefined array key "tmpname" in C:\xampp\htdocs\researcher\index.php on line 217
[17-Nov-2024 13:01:49 Europe/Berlin] PHP Deprecated:  basename(): Passing null to parameter #1 ($path) of type string is deprecated in C:\xampp\htdocs\researcher\index.php on line 217
[19-Nov-2024 03:14:39 Europe/Berlin] PHP Warning:  include(eeg_approval.php): Failed to open stream: No such file or directory in C:\xampp\htdocs\researcher\index.php on line 599
[19-Nov-2024 03:14:39 Europe/Berlin] PHP Warning:  include(): Failed opening 'eeg_approval.php' for inclusion (include_path='C:\xampp\php\PEAR') in C:\xampp\htdocs\researcher\index.php on line 599
